:compileJava UP-TO-DATE
:processResources UP-TO-DATE
:classes UP-TO-DATE
:run

Connected to node - http://152.7.176.32:9984/ after 0 retry(s)...

Request#0
(*) REQUEST Transaction sent.. - 042e62983828275031f8df77e73b1fa813c6267b4b997d8aa751017f78acd030
Request#0
(*) REQUEST Transaction sent.. - 86d4a09fa4667921e55fd409351db4ec95c279ccda53241180519fb13323e8ad
Request#0
(*) REQUEST Transaction sent.. - 0158636707bdcfd8b88764e09ff2d9585bf793d8b9b239551ebb4451e2457bf5
Request#0
(*) REQUEST Transaction sent.. - 186140fe4c60aed17b76aadb2e45201b00b4e0fe462394155dac2d9eb0880c49
Request#0
Transaction successfully posted
Transaction successfully posted
(*) REQUEST Transaction sent.. - 998fb52892054fc575ffedf087cb4cd1aee23914d6abcb075f309b229ea83270
Transaction successfully posted
Transaction successfully posted
(*) CREATE Transaction sent.. - 7e8a74fc11c7d3f68db9143f00099c45c28e6c0e224ccaa4a4a2bcb4a473f007
Transaction successfully posted
Transaction successfully posted
(*) CREATE Transaction sent.. - b1f78581799768fd659e4daef0090cd8314a5eb37710fcd1bf09b7bb65a3dd5b
Transaction successfully posted
(*) CREATE Transaction sent.. - c1084b8a9d37fce866364e47fe807d62fc82a3f10a1f4b70bbc764aa836ef989
Transaction successfully posted
(*) CREATE Transaction sent.. - 01ae8340737bd768676bb422c17dde207a0e8ad6b8fc0f280049856e0c5f82ef
Transaction successfully posted
(*) CREATE Transaction sent.. - 592a1fe9188ca224dbec4ded21179e025b18f75cc4ffc6dca73fb96b0de662ed
Transaction successfully posted
(*) CREATE Transaction sent.. - 338bcdd8005f6bad9602035d9cb9adf0175b5f47551b70ea070e851e50b4b6bb
Transaction successfully posted
(*) CREATE Transaction sent.. - fb8c4275ae9e370c3f0bd6e1c909dddeb78b5f99b9a023a2e5877a7ddf7371ca
Transaction successfully posted
(*) CREATE Transaction sent.. - 9e21c0d939fa69d00921e86c87d23951eee04313652e8097f2bc45a0b012b06b
Transaction successfully posted
(*) CREATE Transaction sent.. - 17900581ef9ca42b85fe27732f715071b0ee638a16ed52f24b31d963e7914b35
Transaction successfully posted
(*) CREATE Transaction sent.. - 7dc99548312cf0548f3d3c9b6d6e73d126dd4f54fb8d1c3139085f68d29a6291
Transaction successfully posted
(*) CREATE Transaction sent.. - 44f501d94667d9aceda50537c02a0f255b93518c4820c99b3a305692cf8aa758
Transaction successfully posted
(*) CREATE Transaction sent.. - d6623d722cd0bd0299c6bff81f19dd6f46f091b64a043cb5992cc90c051687fb
Transaction successfully posted
(*) CREATE Transaction sent.. - ef83a308a73d01bee72479ff5c30ac9a3fe7647ceb8e69bcb1eb908f4cdfa08b
Transaction successfully posted
(*) CREATE Transaction sent.. - db076029c159dbc43941c4b0ba1dff2acbb0f7974526432483e184bf5a181cf9
Transaction successfully posted
(*) CREATE Transaction sent.. - 15729c2549584924670e2484284abd7715fa02407ee920c26950bcac5c887718
Transaction successfully posted
(*) CREATE Transaction sent.. - e0dfd56360776d49a57d7b87b4d3e2533497548ebd8c16845d2472145822e8ac
Transaction successfully posted
(*) CREATE Transaction sent.. - 52542cd957f2a58d66c316a5f8aa75189477a73fa8e73df5516734df3e1f02a7
Transaction successfully posted
(*) CREATE Transaction sent.. - fedf96fd5935b39a2bd55b78148a46ab5800566fb2e533908ad0264416c3ee4d
Transaction successfully posted
(*) CREATE Transaction sent.. - 38b3e20664df79b6b1d54cd1871346dd8301979b32cfb1e998ef148185854387
Transaction successfully posted
(*) CREATE Transaction sent.. - 7b52debc4ca7eb70821f936f0b314f5ec29dfd2597beb95ae0796e2e16f416b0
Transaction successfully posted
(*) BID Transaction sent.. - fd40074afb8d9d384f73385ebaac6f3bb0d92136b96fbe06d9f7c4b3f199adb0
Transaction successfully posted
(*) BID Transaction sent.. - 99eef3a73f972f2386814e0987821fa0bd96d764b03e9312652c27c6f4732137
Transaction successfully posted
(*) BID Transaction sent.. - e6ec9087c7152d74a9fcab58ea0cf44a27d92ab6b2515baf0c7e5862702c42ad
Transaction successfully posted
(*) BID Transaction sent.. - 0950f6ec059aa054ef115ebc7a01b9d231a83033a13dcdfcbad9f82411216e80
Transaction successfully posted
(*) ACCEPT Transaction sent.. - d5c986e67114f1598beb53926f1ac0f89bd4d148ad687d7403e05c0e96f76576
(*) BID Transaction sent.. - d345f4481f6453f29843d18d9ea45be8819ddc229985df754956f93638592cfe
Transaction successfully posted
Transaction successfully posted
(*) BID Transaction sent.. - b75890d350e102551abc3699ba274691e3f14038a651ffa7aa8afe5cc59d1b2e
Transaction successfully posted
(*) BID Transaction sent.. - 83b11c9e46dfd4c97e341545a0c5d8b37f75fd988d0cd3f896525f3d6d03a700
Transaction successfully posted
(*) BID Transaction sent.. - 909d348c9204309659095a9904b9526021fb9f7752e7366c03de4e8ae46fd49b
Transaction successfully posted
(*) ACCEPT Transaction sent.. - db17ba6fbd02fed216df65496081f29558243665d637fb9903282bbef5386dc5
(*) BID Transaction sent.. - 840d4f3fef88a1636a6227fd7a508986bede5287a18f8f8faa761c36a103f130
Transaction successfully posted
Transaction successfully posted
(*) BID Transaction sent.. - ada63a0489b1a5bb494c87b31e9814b0f247de2f20241d067ef9197a621681c9
Transaction successfully posted
(*) BID Transaction sent.. - ba90183ead3a62b8c8cd67f1740885d6b40164400ab887e566e8621039467e42
Transaction successfully posted
(*) BID Transaction sent.. - 3346d37bcc514d6a213ec3d6a3eab60d55911ca5ef83e50585d0cdca968f4569
Transaction successfully posted
(*) ACCEPT Transaction sent.. - 27d1654dfb80dd45480a3acd4aeb426a857169d6369895753e45dae36ef929f0
(*) BID Transaction sent.. - 41e9903185fdfe2726b6a149dbc550bb92fb1fca1168747b89c1457464233859
Transaction successfully posted
Transaction successfully posted
(*) BID Transaction sent.. - 87f37857d9e48037518d2c6cef02f72e4d83f9ee163eb2197e66c085a9ea3cf5
Transaction successfully posted
(*) BID Transaction sent.. - 26d8669a81d29dde7faa0bc3a9699d9dc34f206ee1024420167c656031e79e7d
Transaction successfully posted
(*) BID Transaction sent.. - 412f85689e1dccca132765390f7e6c2c8e31dc125069fc46c4835dab7d8a1597
Transaction successfully posted
(*) ACCEPT Transaction sent.. - 36843603524e91a0a20b49bc94e667eb4fbcfeac66ab56a85038c4d69331698c
(*) BID Transaction sent.. - 4989e1c633e45591c22c6b9edbb7d5fd9c469e857c518629b8cfdb4e3e0d1240
Transaction successfully posted
Transaction successfully posted
(*) BID Transaction sent.. - 981b5b0864313cda54fc75eba33ca4ce64c144c216cdfad4016be3e8b2b80d53
Transaction successfully posted
(*) BID Transaction sent.. - 572b6ccbe26625994f9fa1b903a062b88de10f368b6266a4b591902691dba044
Transaction successfully posted
(*) BID Transaction sent.. - 863a691e8208b0f48b8fcae392f2dc55a45420d91c8d2eaafd5bc14856cd0af3
Transaction successfully posted
(*) ACCEPT Transaction sent.. - fcae9ae828fe654aec77dea2ed5ad6535e7ffc5149b156da095f8d31236ca7cc
Transaction successfully posted

BUILD SUCCESSFUL

Total time: 3 mins 26.21 secs
